<?xml version="1.0" encoding="UTF-8"?>
<!-- Generated by org.testng.reporters.JUnitReportReporter -->
<testsuite skipped="0" hostname="Marijana" name="Tests.PetStoreMenuPageTest" tests="3" failures="0" timestamp="26 Mar 2020 19:19:59 GMT" time="12.118" errors="0">
  <testcase name="goToCorrectURL" time="6.603" classname="Tests.PetStoreMenuPageTest"/>
  <testcase name="PetStoreMenuTest" time="4.875" classname="Tests.PetStoreMenuPageTest"/>
  <testcase name="singInButton" time="0.640" classname="Tests.PetStoreMenuPageTest"/>
</testsuite> <!-- Tests.PetStoreMenuPageTest -->
