<?xml version="1.0" encoding="UTF-8"?>
<!-- Generated by org.testng.reporters.JUnitReportReporter -->
<testsuite skipped="0" hostname="Marijana" name="Tests.HomePageTest" tests="1" failures="0" timestamp="25 Mar 2020 19:56:01 GMT" time="3.093" errors="0">
  <testcase name="HomePTest" time="3.093" classname="Tests.HomePageTest"/>
</testsuite> <!-- Tests.HomePageTest -->
