<?xml version="1.0" encoding="UTF-8"?>
<!-- Generated by org.testng.reporters.JUnitReportReporter -->
<testsuite skipped="0" hostname="Marijana" name="Tests.CartTest" tests="2" failures="0" timestamp="29 Mar 2020 09:06:03 GMT" time="11.964" errors="0">
  <testcase name="CartEmptyTestin" time="6.870" classname="Tests.CartTest"/>
  <testcase name="CartTestin" time="5.094" classname="Tests.CartTest"/>
</testsuite> <!-- Tests.CartTest -->
