<?xml version="1.0" encoding="UTF-8"?>
<!-- Generated by org.testng.reporters.JUnitReportReporter -->
<testsuite skipped="0" hostname="Marijana" name="Tests.PetStoreMenuPageTest" tests="3" failures="0" timestamp="01 Apr 2020 09:50:13 GMT" time="11.274" errors="0">
  <testcase name="PetStoreMenuTest" time="4.259" classname="Tests.PetStoreMenuPageTest"/>
  <testcase name="singInButton" time="0.543" classname="Tests.PetStoreMenuPageTest"/>
  <testcase name="goToCorrectURL" time="6.472" classname="Tests.PetStoreMenuPageTest"/>
</testsuite> <!-- Tests.PetStoreMenuPageTest -->
