<?xml version="1.0" encoding="UTF-8"?>
<!-- Generated by org.testng.reporters.JUnitReportReporter -->
<testsuite skipped="0" hostname="Marijana" name="Tests.CartTest" tests="2" failures="0" timestamp="30 Mar 2020 14:24:40 GMT" time="10.947" errors="0">
  <testcase name="CartTestin" time="4.926" classname="Tests.CartTest"/>
  <testcase name="CartEmptyTestin" time="6.021" classname="Tests.CartTest"/>
</testsuite> <!-- Tests.CartTest -->
