<?xml version="1.0" encoding="UTF-8"?>
<!-- Generated by org.testng.reporters.JUnitReportReporter -->
<testsuite skipped="0" hostname="Marijana" name="Tests.PetStoreMenuPageTest" tests="3" failures="0" timestamp="30 Mar 2020 14:44:12 GMT" time="11.141" errors="0">
  <testcase name="singInButton" time="0.511" classname="Tests.PetStoreMenuPageTest"/>
  <testcase name="goToCorrectURL" time="6.524" classname="Tests.PetStoreMenuPageTest"/>
  <testcase name="PetStoreMenuTest" time="4.106" classname="Tests.PetStoreMenuPageTest"/>
</testsuite> <!-- Tests.PetStoreMenuPageTest -->
