<?xml version="1.0" encoding="UTF-8"?>
<!-- Generated by org.testng.reporters.JUnitReportReporter -->
<testsuite skipped="0" hostname="Marijana" name="Tests.CartTest" tests="2" failures="0" timestamp="01 Apr 2020 09:50:13 GMT" time="12.373" errors="0">
  <testcase name="CartTestin" time="5.824" classname="Tests.CartTest"/>
  <testcase name="CartEmptyTestin" time="6.549" classname="Tests.CartTest"/>
</testsuite> <!-- Tests.CartTest -->
