<?xml version="1.0" encoding="UTF-8"?>
<!-- Generated by org.testng.reporters.JUnitReportReporter -->
<testsuite skipped="0" hostname="Marijana" name="Tests.SignInPageTest" tests="1" failures="0" timestamp="28 Mar 2020 14:03:52 GMT" time="66.244" errors="0">
  <testcase name="signInTestOneUserExcel" time="66.244" classname="Tests.SignInPageTest"/>
</testsuite> <!-- Tests.SignInPageTest -->
