<?xml version="1.0" encoding="UTF-8"?>
<!-- Generated by org.testng.reporters.JUnitReportReporter -->
<testsuite skipped="0" hostname="Marijana" name="Tests.PetStoreMenuPageTest" tests="3" failures="0" timestamp="01 Apr 2020 08:30:52 GMT" time="12.476" errors="0">
  <testcase name="goToCorrectURL" time="6.835" classname="Tests.PetStoreMenuPageTest"/>
  <testcase name="PetStoreMenuTest" time="5.091" classname="Tests.PetStoreMenuPageTest"/>
  <testcase name="singInButton" time="0.550" classname="Tests.PetStoreMenuPageTest"/>
</testsuite> <!-- Tests.PetStoreMenuPageTest -->
