<?xml version="1.0" encoding="UTF-8"?>
<!-- Generated by org.testng.reporters.JUnitReportReporter -->
<testsuite skipped="0" hostname="Marijana" name="Tests.HomePageTest" tests="1" failures="0" timestamp="01 Apr 2020 08:30:27 GMT" time="1.657" errors="0">
  <testcase name="HomePagTest" time="1.657" classname="Tests.HomePageTest"/>
</testsuite> <!-- Tests.HomePageTest -->
