<?xml version="1.0" encoding="UTF-8"?>
<!-- Generated by org.testng.reporters.JUnitReportReporter -->
<testsuite skipped="0" hostname="Marijana" name="Tests.SignInPageTest" tests="1" failures="0" timestamp="28 Mar 2020 17:02:11 GMT" time="80.983" errors="0">
  <testcase name="signInTestOneUserExcel" time="80.983" classname="Tests.SignInPageTest"/>
</testsuite> <!-- Tests.SignInPageTest -->
