<?xml version="1.0" encoding="UTF-8"?>
<!-- Generated by org.testng.reporters.JUnitReportReporter -->
<testsuite skipped="0" hostname="Marijana" name="Tests.CartTest" tests="2" failures="0" timestamp="01 Apr 2020 08:42:45 GMT" time="12.845" errors="0">
  <testcase name="CartTestin" time="6.334" classname="Tests.CartTest"/>
  <testcase name="CartEmptyTestin" time="6.511" classname="Tests.CartTest"/>
</testsuite> <!-- Tests.CartTest -->
