<?xml version="1.0" encoding="UTF-8"?>
<!-- Generated by org.testng.reporters.JUnitReportReporter -->
<testsuite skipped="0" hostname="Marijana" name="Tests.SignInPageTest" tests="1" failures="0" timestamp="30 Mar 2020 14:49:22 GMT" time="62.821" errors="0">
  <testcase name="signInTestOneUserExcel" time="62.821" classname="Tests.SignInPageTest"/>
</testsuite> <!-- Tests.SignInPageTest -->
