<?xml version="1.0" encoding="UTF-8"?>
<!-- Generated by org.testng.reporters.JUnitReportReporter -->
<testsuite skipped="0" hostname="Marijana" name="Tests.CartTest" tests="2" failures="0" timestamp="29 Mar 2020 08:42:04 GMT" time="39.954" errors="0">
  <testcase name="CartEmptyTestin" time="35.464" classname="Tests.CartTest"/>
  <testcase name="CartTestin" time="4.490" classname="Tests.CartTest"/>
</testsuite> <!-- Tests.CartTest -->
