<?xml version="1.0" encoding="UTF-8"?>
<!-- Generated by org.testng.reporters.JUnitReportReporter -->
<testsuite skipped="0" hostname="Marijana" name="Tests.RegistrationPageTest" tests="1" failures="0" timestamp="27 Mar 2020 16:35:55 GMT" time="199.029" errors="0">
  <testcase name="RegistrationTesting" time="199.029" classname="Tests.RegistrationPageTest"/>
</testsuite> <!-- Tests.RegistrationPageTest -->
