<?xml version="1.0" encoding="UTF-8"?>
<!-- Generated by org.testng.reporters.JUnitReportReporter -->
<testsuite skipped="0" hostname="Marijana" name="Tests.SignInPageTest" tests="1" failures="0" timestamp="01 Apr 2020 08:39:45 GMT" time="52.364" errors="0">
  <testcase name="signInTestOneUserExcel" time="52.364" classname="Tests.SignInPageTest"/>
</testsuite> <!-- Tests.SignInPageTest -->
