<?xml version="1.0" encoding="UTF-8"?>
<!-- Generated by org.testng.reporters.JUnitReportReporter -->
<testsuite skipped="0" hostname="Marijana" name="Tests.RegistrationPageTest" tests="1" failures="0" timestamp="01 Apr 2020 08:54:00 GMT" time="198.237" errors="0">
  <testcase name="RegistrationTesting" time="198.237" classname="Tests.RegistrationPageTest"/>
</testsuite> <!-- Tests.RegistrationPageTest -->
