<?xml version="1.0" encoding="UTF-8"?>
<!-- Generated by org.testng.reporters.JUnitReportReporter -->
<testsuite skipped="0" hostname="Marijana" name="Tests.PetStoreMenuPageTest" tests="3" failures="0" timestamp="01 Apr 2020 08:01:26 GMT" time="15.647" errors="0">
  <testcase name="singInButton" time="0.561" classname="Tests.PetStoreMenuPageTest"/>
  <testcase name="goToCorrectURL" time="8.179" classname="Tests.PetStoreMenuPageTest"/>
  <testcase name="PetStoreMenuTest" time="6.907" classname="Tests.PetStoreMenuPageTest"/>
</testsuite> <!-- Tests.PetStoreMenuPageTest -->
